[
  {
    "line": 2,
    "elements": [
      {
        "line": 8,
        "name": "Searching Google...",
        "description": "",
        "id": "example-feature;searching-google...",
        "after": [
          {
            "result": {
              "duration": 261912180,
              "status": "passed"
            },
            "match": {
              "location": "Hooks.closeSession()"
            }
          }
        ],
        "type": "scenario",
        "keyword": "Scenario",
        "steps": [
          {
            "result": {
              "duration": 2703927623,
              "status": "passed"
            },
            "line": 9,
            "name": "I search for \"test automation\"",
            "match": {
              "arguments": [
                {
                  "val": "test automation",
                  "offset": 14
                }
              ],
              "location": "ExampleSteps.i_search_for(String)"
            },
            "keyword": "Given "
          },
          {
            "result": {
              "duration": 122839,
              "status": "passed"
            },
            "line": 10,
            "name": "I google should show me results!",
            "match": {
              "location": "ExampleSteps.i_google_should_show_me_results()"
            },
            "keyword": "Then "
          }
        ]
      }
    ],
    "name": "Example feature",
    "description": "\nIn order to ...\nAs a ...\nI want to ...",
    "id": "example-feature",
    "keyword": "Feature",
    "uri": "target/test-classes/features/example.feature",
    "tags": [
      {
        "line": 1,
        "name": "@complete"
      }
    ]
  },
  {
    "line": 2,
    "elements": [
      {
        "line": 3,
        "name": "Login test",
        "description": "",
        "id": "loginfeature;login-test",
        "after": [
          {
            "result": {
              "duration": 194378,
              "error_message": "org.openqa.selenium.NoSuchSessionException: Session ID is null. Using WebDriver after calling quit()?\nBuild info: version: \u00273.0.1\u0027, revision: \u00271969d75\u0027, time: \u00272016-10-18 09:49:13 -0700\u0027\nSystem info: host: \u0027Poojas-MBP\u0027, ip: \u002710.0.0.10\u0027, os.name: \u0027Mac OS X\u0027, os.arch: \u0027x86_64\u0027, os.version: \u002710.15.3\u0027, java.version: \u002713.0.2\u0027\nDriver info: driver.version: RemoteWebDriver\n\tat org.openqa.selenium.remote.HttpCommandExecutor.execute(HttpCommandExecutor.java:130)\n\tat org.openqa.selenium.remote.service.DriverCommandExecutor.execute(DriverCommandExecutor.java:82)\n\tat org.openqa.selenium.remote.RemoteWebDriver.execute(RemoteWebDriver.java:601)\n\tat org.openqa.selenium.remote.RemoteWebDriver.execute(RemoteWebDriver.java:658)\n\tat org.openqa.selenium.remote.RemoteWebDriver.close(RemoteWebDriver.java:487)\n\tat com.herokuapp.hooks.Hooks.closeSession(Hooks.java:25)\n\tat java.base/jdk.internal.reflect.NativeMethodAccessorImpl.invoke0(Native Method)\n\tat java.base/jdk.internal.reflect.NativeMethodAccessorImpl.invoke(NativeMethodAccessorImpl.java:62)\n\tat java.base/jdk.internal.reflect.DelegatingMethodAccessorImpl.invoke(DelegatingMethodAccessorImpl.java:43)\n\tat java.base/java.lang.reflect.Method.invoke(Method.java:567)\n\tat cucumber.runtime.Utils$1.call(Utils.java:40)\n\tat cucumber.runtime.Timeout.timeout(Timeout.java:16)\n\tat cucumber.runtime.Utils.invoke(Utils.java:34)\n\tat cucumber.runtime.java.JavaHookDefinition.execute(JavaHookDefinition.java:60)\n\tat cucumber.runtime.Runtime.runHookIfTagsMatch(Runtime.java:224)\n\tat cucumber.runtime.Runtime.runHooks(Runtime.java:212)\n\tat cucumber.runtime.Runtime.runAfterHooks(Runtime.java:206)\n\tat cucumber.runtime.model.CucumberScenario.run(CucumberScenario.java:46)\n\tat cucumber.runtime.junit.ExecutionUnitRunner.run(ExecutionUnitRunner.java:102)\n\tat cucumber.runtime.junit.FeatureRunner.runChild(FeatureRunner.java:63)\n\tat cucumber.runtime.junit.FeatureRunner.runChild(FeatureRunner.java:18)\n\tat org.junit.runners.ParentRunner$3.run(ParentRunner.java:290)\n\tat org.junit.runners.ParentRunner$1.schedule(ParentRunner.java:71)\n\tat org.junit.runners.ParentRunner.runChildren(ParentRunner.java:288)\n\tat org.junit.runners.ParentRunner.access$000(ParentRunner.java:58)\n\tat org.junit.runners.ParentRunner$2.evaluate(ParentRunner.java:268)\n\tat org.junit.runners.ParentRunner.run(ParentRunner.java:363)\n\tat cucumber.runtime.junit.FeatureRunner.run(FeatureRunner.java:70)\n\tat cucumber.api.junit.Cucumber.runChild(Cucumber.java:95)\n\tat cucumber.api.junit.Cucumber.runChild(Cucumber.java:38)\n\tat org.junit.runners.ParentRunner$3.run(ParentRunner.java:290)\n\tat org.junit.runners.ParentRunner$1.schedule(ParentRunner.java:71)\n\tat org.junit.runners.ParentRunner.runChildren(ParentRunner.java:288)\n\tat org.junit.runners.ParentRunner.access$000(ParentRunner.java:58)\n\tat org.junit.runners.ParentRunner$2.evaluate(ParentRunner.java:268)\n\tat org.junit.runners.ParentRunner.run(ParentRunner.java:363)\n\tat cucumber.api.junit.Cucumber.run(Cucumber.java:100)\n\tat org.apache.maven.surefire.junit4.JUnit4Provider.execute(JUnit4Provider.java:367)\n\tat org.apache.maven.surefire.junit4.JUnit4Provider.executeWithRerun(JUnit4Provider.java:274)\n\tat org.apache.maven.surefire.junit4.JUnit4Provider.executeTestSet(JUnit4Provider.java:238)\n\tat org.apache.maven.surefire.junit4.JUnit4Provider.invoke(JUnit4Provider.java:161)\n\tat org.apache.maven.surefire.booter.ForkedBooter.invokeProviderInSameClassLoader(ForkedBooter.java:290)\n\tat org.apache.maven.surefire.booter.ForkedBooter.runSuitesInProcess(ForkedBooter.java:242)\n\tat org.apache.maven.surefire.booter.ForkedBooter.main(ForkedBooter.java:121)\n",
              "status": "failed"
            },
            "match": {
              "location": "Hooks.closeSession()"
            }
          }
        ],
        "type": "scenario",
        "keyword": "Scenario",
        "steps": [
          {
            "result": {
              "duration": 7119159,
              "error_message": "org.openqa.selenium.NoSuchSessionException: Session ID is null. Using WebDriver after calling quit()?\nBuild info: version: \u00273.0.1\u0027, revision: \u00271969d75\u0027, time: \u00272016-10-18 09:49:13 -0700\u0027\nSystem info: host: \u0027Poojas-MBP\u0027, ip: \u002710.0.0.10\u0027, os.name: \u0027Mac OS X\u0027, os.arch: \u0027x86_64\u0027, os.version: \u002710.15.3\u0027, java.version: \u002713.0.2\u0027\nDriver info: driver.version: RemoteWebDriver\n\tat org.openqa.selenium.remote.HttpCommandExecutor.execute(HttpCommandExecutor.java:130)\n\tat org.openqa.selenium.remote.service.DriverCommandExecutor.execute(DriverCommandExecutor.java:82)\n\tat org.openqa.selenium.remote.RemoteWebDriver.execute(RemoteWebDriver.java:601)\n\tat org.openqa.selenium.remote.RemoteWebDriver.get(RemoteWebDriver.java:322)\n\tat com.herokuapp.pageobjects.HomePage.goToHomePage(HomePage.java:16)\n\tat com.herokuapp.steps.LoginSteps.userIsOnSiteHomePage(LoginSteps.java:25)\n\tat âœ½.Given User is on site home page \"http://the-internet.herokuapp.com/\"\u003e(target/test-classes/features/login.feature:4)\n",
              "status": "failed"
            },
            "line": 4,
            "name": "User is on site home page \"http://the-internet.herokuapp.com/\"\u003e",
            "match": {
              "arguments": [
                {
                  "val": "http://the-internet.herokuapp.com/",
                  "offset": 27
                }
              ],
              "location": "LoginSteps.userIsOnSiteHomePage(String)"
            },
            "keyword": "Given "
          },
          {
            "result": {
              "status": "skipped"
            },
            "line": 5,
            "name": "user clicks on the basic auth link provided",
            "match": {
              "location": "LoginSteps.userClicksOnTheBasicAuthLinkProvided()"
            },
            "keyword": "When "
          },
          {
            "result": {
              "status": "skipped"
            },
            "line": 6,
            "name": "user enter the username as \"admin\" and password as \"admin\" and clicks on sign in button",
            "match": {
              "arguments": [
                {
                  "val": "admin",
                  "offset": 28
                },
                {
                  "val": "admin",
                  "offset": 52
                }
              ],
              "location": "LoginSteps.userEnterTheUsernameAsAndPasswordAsAndClicksOnSignInButton(String,String)"
            },
            "keyword": "And "
          },
          {
            "result": {
              "status": "skipped"
            },
            "line": 7,
            "name": "user should be logged in and navigated to page \"http://the-internet.herokuapp.com/basic_auth\"",
            "match": {
              "arguments": [
                {
                  "val": "http://the-internet.herokuapp.com/basic_auth",
                  "offset": 48
                }
              ],
              "location": "LoginSteps.userShouldBeLoggedInAndNavigatedToPage(String)"
            },
            "keyword": "Then "
          }
        ]
      }
    ],
    "name": "LoginFeature",
    "description": "",
    "id": "loginfeature",
    "keyword": "Feature",
    "uri": "target/test-classes/features/login.feature",
    "tags": [
      {
        "line": 1,
        "name": "@complete"
      }
    ]
  }
]